[INFO ] 2021-05-21 15:50:53.933 [background-preinit] Version - HV000001: Hibernate Validator 6.1.7.Final
[INFO ] 2021-05-21 15:50:54.357 [restartedMain] CustomerServiceApplication - Starting CustomerServiceApplication using Java 15.0.1 on DESKTOP-5R9EKAA with PID 14428 (C:\Users\Chris\Documents\Infosys\Microservices_Project\Backend\P-Infosys-FIOS-ms-Backend\customer-service\target\classes started by Chris in C:\Users\Chris\Documents\Infosys\Microservices_Project\Backend\P-Infosys-FIOS-ms-Backend\customer-service)
[INFO ] 2021-05-21 15:50:54.361 [restartedMain] CustomerServiceApplication - No active profile set, falling back to default profiles: default
[INFO ] 2021-05-21 15:50:54.410 [restartedMain] DevToolsPropertyDefaultsPostProcessor - Devtools property defaults active! Set 'spring.devtools.add-properties' to 'false' to disable
[INFO ] 2021-05-21 15:50:54.411 [restartedMain] DevToolsPropertyDefaultsPostProcessor - For additional web related logging consider setting the 'logging.level.web' property to 'DEBUG'
[INFO ] 2021-05-21 15:50:55.597 [restartedMain] RepositoryConfigurationDelegate - Bootstrapping Spring Data JPA repositories in DEFAULT mode.
[INFO ] 2021-05-21 15:50:55.785 [restartedMain] RepositoryConfigurationDelegate - Finished Spring Data repository scanning in 180 ms. Found 1 JPA repository interfaces.
[INFO ] 2021-05-21 15:50:56.163 [restartedMain] GenericScope - BeanFactory id=4ec3005f-28fb-3e41-816e-3bc8db2411fd
[INFO ] 2021-05-21 15:50:57.134 [restartedMain] TomcatWebServer - Tomcat initialized with port(s): 8087 (http)
[INFO ] 2021-05-21 15:50:57.147 [restartedMain] Http11NioProtocol - Initializing ProtocolHandler ["http-nio-8087"]
[INFO ] 2021-05-21 15:50:57.148 [restartedMain] StandardService - Starting service [Tomcat]
[INFO ] 2021-05-21 15:50:57.148 [restartedMain] StandardEngine - Starting Servlet engine: [Apache Tomcat/9.0.45]
[INFO ] 2021-05-21 15:50:57.297 [restartedMain] [/] - Initializing Spring embedded WebApplicationContext
[INFO ] 2021-05-21 15:50:57.297 [restartedMain] ServletWebServerApplicationContext - Root WebApplicationContext: initialization completed in 2886 ms
[INFO ] 2021-05-21 15:50:57.585 [restartedMain] HikariDataSource - HikariPool-1 - Starting...
[INFO ] 2021-05-21 15:50:57.802 [restartedMain] HikariDataSource - HikariPool-1 - Start completed.
[INFO ] 2021-05-21 15:50:57.810 [restartedMain] H2ConsoleAutoConfiguration - H2 console available at '/h2'. Database available at 'jdbc:h2:file:~/data7.sql'
[INFO ] 2021-05-21 15:50:58.061 [restartedMain] LogHelper - HHH000204: Processing PersistenceUnitInfo [name: default]
[INFO ] 2021-05-21 15:50:58.118 [restartedMain] Version - HHH000412: Hibernate ORM core version 5.4.30.Final
[INFO ] 2021-05-21 15:50:58.290 [restartedMain] Version - HCANN000001: Hibernate Commons Annotations {5.1.2.Final}
[INFO ] 2021-05-21 15:50:58.409 [restartedMain] Dialect - HHH000400: Using dialect: org.hibernate.dialect.H2Dialect
[INFO ] 2021-05-21 15:50:59.122 [restartedMain] JtaPlatformInitiator - HHH000490: Using JtaPlatform implementation: [org.hibernate.engine.transaction.jta.platform.internal.NoJtaPlatform]
[INFO ] 2021-05-21 15:50:59.132 [restartedMain] LocalContainerEntityManagerFactoryBean - Initialized JPA EntityManagerFactory for persistence unit 'default'
[WARN ] 2021-05-21 15:50:59.250 [restartedMain] OptionalLiveReloadServer - Unable to start LiveReload server
[WARN ] 2021-05-21 15:51:00.136 [restartedMain] JpaBaseConfiguration$JpaWebConfiguration - spring.jpa.open-in-view is enabled by default. Therefore, database queries may be performed during view rendering. Explicitly configure spring.jpa.open-in-view to disable this warning
[INFO ] 2021-05-21 15:51:00.428 [restartedMain] ThreadPoolTaskExecutor - Initializing ExecutorService 'applicationTaskExecutor'
[INFO ] 2021-05-21 15:51:02.266 [restartedMain] ThreadPoolTaskScheduler - Initializing ExecutorService 'catalogWatchTaskScheduler'
[WARN ] 2021-05-21 15:51:02.303 [restartedMain] LoadBalancerCacheAutoConfiguration$LoadBalancerCaffeineWarnLogger - Spring Cloud LoadBalancer is currently working with the default cache. You can switch to using Caffeine cache, by adding it and org.springframework.cache.caffeine.CaffeineCacheManager to the classpath.
[INFO ] 2021-05-21 15:51:02.350 [restartedMain] EndpointLinksResolver - Exposing 2 endpoint(s) beneath base path '/actuator'
[INFO ] 2021-05-21 15:51:02.455 [restartedMain] Http11NioProtocol - Starting ProtocolHandler ["http-nio-8087"]
[INFO ] 2021-05-21 15:51:02.483 [restartedMain] TomcatWebServer - Tomcat started on port(s): 8087 (http) with context path ''
[INFO ] 2021-05-21 15:51:02.486 [restartedMain] ConsulServiceRegistry - Registering service with consul: NewService{id='customer-service-8087', name='customer-service', tags=[], address='host.docker.internal', meta={secure=false}, port=8087, enableTagOverride=null, check=Check{script='null', dockerContainerID='null', shell='null', interval='10s', ttl='null', http='http://host.docker.internal:8087/actuator/health', method='null', header={}, tcp='null', timeout='null', deregisterCriticalServiceAfter='null', tlsSkipVerify=null, status='null', grpc='null', grpcUseTLS=null}, checks=null}
[INFO ] 2021-05-21 15:51:02.620 [restartedMain] CustomerServiceApplication - Started CustomerServiceApplication in 9.222 seconds (JVM running for 10.598)
[INFO ] 2021-05-21 15:51:09.952 [http-nio-8087-exec-1] [/] - Initializing Spring DispatcherServlet 'dispatcherServlet'
[INFO ] 2021-05-21 15:51:09.952 [http-nio-8087-exec-1] DispatcherServlet - Initializing Servlet 'dispatcherServlet'
[INFO ] 2021-05-21 15:51:09.954 [http-nio-8087-exec-1] DispatcherServlet - Completed initialization in 2 ms
[INFO ] 2021-05-21 15:58:36.136 [Thread-1] ThreadPoolTaskScheduler - Shutting down ExecutorService 'catalogWatchTaskScheduler'
[INFO ] 2021-05-21 15:58:36.187 [Thread-1] ThreadPoolTaskExecutor - Shutting down ExecutorService 'applicationTaskExecutor'
[INFO ] 2021-05-21 15:58:36.190 [Thread-1] LocalContainerEntityManagerFactoryBean - Closing JPA EntityManagerFactory for persistence unit 'default'
[INFO ] 2021-05-21 15:58:36.194 [Thread-1] ConsulServiceRegistry - Deregistering service with consul: customer-service-8087
[INFO ] 2021-05-21 15:58:36.217 [Thread-1] HikariDataSource - HikariPool-1 - Shutdown initiated...
[INFO ] 2021-05-21 15:58:36.230 [Thread-1] HikariDataSource - HikariPool-1 - Shutdown completed.
