[INFO ] 2021-05-21 17:48:48.001 [background-preinit] Version - HV000001: Hibernate Validator 6.1.7.Final
[INFO ] 2021-05-21 17:48:48.751 [restartedMain] CableServiceApplication - Starting CableServiceApplication using Java 15.0.1 on DESKTOP-5R9EKAA with PID 10932 (C:\Users\Chris\Documents\Infosys\Microservices_Project\Backend\P-Infosys-FIOS-ms-Backend\cable-service\target\classes started by Chris in C:\Users\Chris\Documents\Infosys\Microservices_Project\Backend\P-Infosys-FIOS-ms-Backend\cable-service)
[INFO ] 2021-05-21 17:48:48.756 [restartedMain] CableServiceApplication - No active profile set, falling back to default profiles: default
[INFO ] 2021-05-21 17:48:48.861 [restartedMain] DevToolsPropertyDefaultsPostProcessor - Devtools property defaults active! Set 'spring.devtools.add-properties' to 'false' to disable
[INFO ] 2021-05-21 17:48:48.861 [restartedMain] DevToolsPropertyDefaultsPostProcessor - For additional web related logging consider setting the 'logging.level.web' property to 'DEBUG'
[INFO ] 2021-05-21 17:48:51.414 [restartedMain] RepositoryConfigurationDelegate - Bootstrapping Spring Data JPA repositories in DEFAULT mode.
[INFO ] 2021-05-21 17:48:51.892 [restartedMain] RepositoryConfigurationDelegate - Finished Spring Data repository scanning in 461 ms. Found 1 JPA repository interfaces.
[INFO ] 2021-05-21 17:48:52.864 [restartedMain] GenericScope - BeanFactory id=eeb8bd20-8fdc-388e-aa0c-9c787274a489
[INFO ] 2021-05-21 17:48:55.376 [restartedMain] TomcatWebServer - Tomcat initialized with port(s): 8084 (http)
[INFO ] 2021-05-21 17:48:55.399 [restartedMain] Http11NioProtocol - Initializing ProtocolHandler ["http-nio-8084"]
[INFO ] 2021-05-21 17:48:55.400 [restartedMain] StandardService - Starting service [Tomcat]
[INFO ] 2021-05-21 17:48:55.400 [restartedMain] StandardEngine - Starting Servlet engine: [Apache Tomcat/9.0.45]
[INFO ] 2021-05-21 17:48:55.856 [restartedMain] [/] - Initializing Spring embedded WebApplicationContext
[INFO ] 2021-05-21 17:48:55.856 [restartedMain] ServletWebServerApplicationContext - Root WebApplicationContext: initialization completed in 6994 ms
[INFO ] 2021-05-21 17:48:56.462 [restartedMain] HikariDataSource - HikariPool-1 - Starting...
[INFO ] 2021-05-21 17:48:57.021 [restartedMain] HikariDataSource - HikariPool-1 - Start completed.
[INFO ] 2021-05-21 17:48:57.032 [restartedMain] H2ConsoleAutoConfiguration - H2 console available at '/h2'. Database available at 'jdbc:h2:file:~/data4.sql'
[INFO ] 2021-05-21 17:48:58.332 [restartedMain] LogHelper - HHH000204: Processing PersistenceUnitInfo [name: default]
[INFO ] 2021-05-21 17:48:58.558 [restartedMain] Version - HHH000412: Hibernate ORM core version 5.4.30.Final
[INFO ] 2021-05-21 17:48:58.995 [restartedMain] Version - HCANN000001: Hibernate Commons Annotations {5.1.2.Final}
[INFO ] 2021-05-21 17:48:59.341 [restartedMain] Dialect - HHH000400: Using dialect: org.hibernate.dialect.H2Dialect
[INFO ] 2021-05-21 17:49:01.091 [restartedMain] JtaPlatformInitiator - HHH000490: Using JtaPlatform implementation: [org.hibernate.engine.transaction.jta.platform.internal.NoJtaPlatform]
[INFO ] 2021-05-21 17:49:01.119 [restartedMain] LocalContainerEntityManagerFactoryBean - Initialized JPA EntityManagerFactory for persistence unit 'default'
[WARN ] 2021-05-21 17:49:01.498 [restartedMain] OptionalLiveReloadServer - Unable to start LiveReload server
[WARN ] 2021-05-21 17:49:05.490 [restartedMain] JpaBaseConfiguration$JpaWebConfiguration - spring.jpa.open-in-view is enabled by default. Therefore, database queries may be performed during view rendering. Explicitly configure spring.jpa.open-in-view to disable this warning
[INFO ] 2021-05-21 17:49:06.427 [restartedMain] ThreadPoolTaskExecutor - Initializing ExecutorService 'applicationTaskExecutor'
[INFO ] 2021-05-21 17:49:11.973 [restartedMain] ThreadPoolTaskScheduler - Initializing ExecutorService 'catalogWatchTaskScheduler'
[WARN ] 2021-05-21 17:49:12.088 [restartedMain] LoadBalancerCacheAutoConfiguration$LoadBalancerCaffeineWarnLogger - Spring Cloud LoadBalancer is currently working with the default cache. You can switch to using Caffeine cache, by adding it and org.springframework.cache.caffeine.CaffeineCacheManager to the classpath.
[INFO ] 2021-05-21 17:49:12.206 [restartedMain] EndpointLinksResolver - Exposing 2 endpoint(s) beneath base path '/actuator'
[INFO ] 2021-05-21 17:49:12.509 [restartedMain] Http11NioProtocol - Starting ProtocolHandler ["http-nio-8084"]
[INFO ] 2021-05-21 17:49:12.661 [restartedMain] TomcatWebServer - Tomcat started on port(s): 8084 (http) with context path ''
[INFO ] 2021-05-21 17:49:12.668 [restartedMain] ConsulServiceRegistry - Registering service with consul: NewService{id='cable-service-8084', name='cable-service', tags=[], address='host.docker.internal', meta={secure=false}, port=8084, enableTagOverride=null, check=Check{script='null', dockerContainerID='null', shell='null', interval='10s', ttl='null', http='http://host.docker.internal:8084/actuator/health', method='null', header={}, tcp='null', timeout='null', deregisterCriticalServiceAfter='null', tlsSkipVerify=null, status='null', grpc='null', grpcUseTLS=null}, checks=null}
[INFO ] 2021-05-21 17:49:13.108 [restartedMain] CableServiceApplication - Started CableServiceApplication in 25.918 seconds (JVM running for 28.107)
[INFO ] 2021-05-21 17:49:13.357 [http-nio-8084-exec-3] [/] - Initializing Spring DispatcherServlet 'dispatcherServlet'
[INFO ] 2021-05-21 17:49:13.357 [http-nio-8084-exec-3] DispatcherServlet - Initializing Servlet 'dispatcherServlet'
[INFO ] 2021-05-21 17:49:13.363 [http-nio-8084-exec-3] DispatcherServlet - Completed initialization in 6 ms
[INFO ] 2021-05-21 17:56:36.779 [http-nio-8084-exec-4] SubscriptionController - Customer with Id 3 Subscribed to Cable
[INFO ] 2021-05-21 17:57:57.215 [http-nio-8084-exec-2] SubscriptionController - Customer with Id 4 Subscribed to Cable
[INFO ] 2021-05-21 17:58:11.375 [http-nio-8084-exec-1] SubscriptionController - Customer with Id 4 Unsubscribed from Cable
[INFO ] 2021-05-21 18:01:52.504 [http-nio-8084-exec-10] SubscriptionController - Customer with Id 5 Subscribed to Cable
[INFO ] 2021-05-21 18:35:53.092 [RMI TCP Connection(49)-127.0.0.1] SpringApplicationAdminMXBeanRegistrar$SpringApplicationAdmin - Application shutdown requested.
[INFO ] 2021-05-21 18:35:53.139 [RMI TCP Connection(49)-127.0.0.1] ThreadPoolTaskScheduler - Shutting down ExecutorService 'catalogWatchTaskScheduler'
[INFO ] 2021-05-21 18:35:53.146 [RMI TCP Connection(49)-127.0.0.1] ThreadPoolTaskExecutor - Shutting down ExecutorService 'applicationTaskExecutor'
[INFO ] 2021-05-21 18:35:53.148 [RMI TCP Connection(49)-127.0.0.1] LocalContainerEntityManagerFactoryBean - Closing JPA EntityManagerFactory for persistence unit 'default'
[INFO ] 2021-05-21 18:35:53.152 [RMI TCP Connection(49)-127.0.0.1] ConsulServiceRegistry - Deregistering service with consul: cable-service-8084
[INFO ] 2021-05-21 18:35:53.176 [RMI TCP Connection(49)-127.0.0.1] HikariDataSource - HikariPool-1 - Shutdown initiated...
[INFO ] 2021-05-21 18:35:53.178 [RMI TCP Connection(49)-127.0.0.1] HikariDataSource - HikariPool-1 - Shutdown completed.
