[INFO ] 2021-05-21 17:48:56.498 [background-preinit] Version - HV000001: Hibernate Validator 6.1.7.Final
[INFO ] 2021-05-21 17:48:57.697 [restartedMain] CustomerServiceApplication - Starting CustomerServiceApplication using Java 15.0.1 on DESKTOP-5R9EKAA with PID 17348 (C:\Users\Chris\Documents\Infosys\Microservices_Project\Backend\P-Infosys-FIOS-ms-Backend\customer-service\target\classes started by Chris in C:\Users\Chris\Documents\Infosys\Microservices_Project\Backend\P-Infosys-FIOS-ms-Backend\customer-service)
[INFO ] 2021-05-21 17:48:57.703 [restartedMain] CustomerServiceApplication - No active profile set, falling back to default profiles: default
[INFO ] 2021-05-21 17:48:57.802 [restartedMain] DevToolsPropertyDefaultsPostProcessor - Devtools property defaults active! Set 'spring.devtools.add-properties' to 'false' to disable
[INFO ] 2021-05-21 17:48:57.802 [restartedMain] DevToolsPropertyDefaultsPostProcessor - For additional web related logging consider setting the 'logging.level.web' property to 'DEBUG'
[INFO ] 2021-05-21 17:49:00.704 [restartedMain] RepositoryConfigurationDelegate - Bootstrapping Spring Data JPA repositories in DEFAULT mode.
[INFO ] 2021-05-21 17:49:01.167 [restartedMain] RepositoryConfigurationDelegate - Finished Spring Data repository scanning in 436 ms. Found 1 JPA repository interfaces.
[INFO ] 2021-05-21 17:49:02.184 [restartedMain] GenericScope - BeanFactory id=4ec3005f-28fb-3e41-816e-3bc8db2411fd
[INFO ] 2021-05-21 17:49:05.183 [restartedMain] TomcatWebServer - Tomcat initialized with port(s): 8087 (http)
[INFO ] 2021-05-21 17:49:05.216 [restartedMain] Http11NioProtocol - Initializing ProtocolHandler ["http-nio-8087"]
[INFO ] 2021-05-21 17:49:05.218 [restartedMain] StandardService - Starting service [Tomcat]
[INFO ] 2021-05-21 17:49:05.221 [restartedMain] StandardEngine - Starting Servlet engine: [Apache Tomcat/9.0.45]
[INFO ] 2021-05-21 17:49:05.552 [restartedMain] [/] - Initializing Spring embedded WebApplicationContext
[INFO ] 2021-05-21 17:49:05.552 [restartedMain] ServletWebServerApplicationContext - Root WebApplicationContext: initialization completed in 7749 ms
[INFO ] 2021-05-21 17:49:06.338 [restartedMain] HikariDataSource - HikariPool-1 - Starting...
[INFO ] 2021-05-21 17:49:06.907 [restartedMain] HikariDataSource - HikariPool-1 - Start completed.
[INFO ] 2021-05-21 17:49:06.932 [restartedMain] H2ConsoleAutoConfiguration - H2 console available at '/h2'. Database available at 'jdbc:h2:file:~/data7.sql'
[INFO ] 2021-05-21 17:49:07.634 [restartedMain] LogHelper - HHH000204: Processing PersistenceUnitInfo [name: default]
[INFO ] 2021-05-21 17:49:07.799 [restartedMain] Version - HHH000412: Hibernate ORM core version 5.4.30.Final
[INFO ] 2021-05-21 17:49:08.298 [restartedMain] Version - HCANN000001: Hibernate Commons Annotations {5.1.2.Final}
[INFO ] 2021-05-21 17:49:08.762 [restartedMain] Dialect - HHH000400: Using dialect: org.hibernate.dialect.H2Dialect
[INFO ] 2021-05-21 17:49:10.704 [restartedMain] JtaPlatformInitiator - HHH000490: Using JtaPlatform implementation: [org.hibernate.engine.transaction.jta.platform.internal.NoJtaPlatform]
[INFO ] 2021-05-21 17:49:10.736 [restartedMain] LocalContainerEntityManagerFactoryBean - Initialized JPA EntityManagerFactory for persistence unit 'default'
[WARN ] 2021-05-21 17:49:11.054 [restartedMain] OptionalLiveReloadServer - Unable to start LiveReload server
[WARN ] 2021-05-21 17:49:13.481 [restartedMain] JpaBaseConfiguration$JpaWebConfiguration - spring.jpa.open-in-view is enabled by default. Therefore, database queries may be performed during view rendering. Explicitly configure spring.jpa.open-in-view to disable this warning
[INFO ] 2021-05-21 17:49:14.194 [restartedMain] ThreadPoolTaskExecutor - Initializing ExecutorService 'applicationTaskExecutor'
[INFO ] 2021-05-21 17:49:18.545 [restartedMain] ThreadPoolTaskScheduler - Initializing ExecutorService 'catalogWatchTaskScheduler'
[WARN ] 2021-05-21 17:49:18.633 [restartedMain] LoadBalancerCacheAutoConfiguration$LoadBalancerCaffeineWarnLogger - Spring Cloud LoadBalancer is currently working with the default cache. You can switch to using Caffeine cache, by adding it and org.springframework.cache.caffeine.CaffeineCacheManager to the classpath.
[INFO ] 2021-05-21 17:49:18.765 [restartedMain] EndpointLinksResolver - Exposing 2 endpoint(s) beneath base path '/actuator'
[INFO ] 2021-05-21 17:49:19.081 [restartedMain] Http11NioProtocol - Starting ProtocolHandler ["http-nio-8087"]
[INFO ] 2021-05-21 17:49:19.134 [restartedMain] TomcatWebServer - Tomcat started on port(s): 8087 (http) with context path ''
[INFO ] 2021-05-21 17:49:19.138 [restartedMain] ConsulServiceRegistry - Registering service with consul: NewService{id='customer-service-8087', name='customer-service', tags=[], address='host.docker.internal', meta={secure=false}, port=8087, enableTagOverride=null, check=Check{script='null', dockerContainerID='null', shell='null', interval='10s', ttl='null', http='http://host.docker.internal:8087/actuator/health', method='null', header={}, tcp='null', timeout='null', deregisterCriticalServiceAfter='null', tlsSkipVerify=null, status='null', grpc='null', grpcUseTLS=null}, checks=null}
[INFO ] 2021-05-21 17:49:19.508 [restartedMain] CustomerServiceApplication - Started CustomerServiceApplication in 25.283 seconds (JVM running for 28.636)
[INFO ] 2021-05-21 17:49:23.397 [http-nio-8087-exec-1] [/] - Initializing Spring DispatcherServlet 'dispatcherServlet'
[INFO ] 2021-05-21 17:49:23.398 [http-nio-8087-exec-1] DispatcherServlet - Initializing Servlet 'dispatcherServlet'
[INFO ] 2021-05-21 17:49:23.401 [http-nio-8087-exec-1] DispatcherServlet - Completed initialization in 3 ms
[INFO ] 2021-05-21 17:54:10.090 [http-nio-8087-exec-1] CustomerController - username = HarryJames status = registered
[INFO ] 2021-05-21 17:54:57.805 [http-nio-8087-exec-6] CustomerController - username = Houdini status = registered
[INFO ] 2021-05-21 17:56:10.221 [http-nio-8087-exec-10] CustomerController - username = HarryJames status = logged in
[INFO ] 2021-05-21 17:57:43.702 [http-nio-8087-exec-5] CustomerController - username = Houdini status = logged in
[INFO ] 2021-05-21 17:59:06.965 [http-nio-8087-exec-4] CustomerController - username = Svenny status = logged in
[INFO ] 2021-05-21 17:59:09.691 [http-nio-8087-exec-7] CustomerController - username = Svenny status = logged in
[INFO ] 2021-05-21 17:59:15.371 [http-nio-8087-exec-3] CustomerController - username = Svenny status = logged in
[INFO ] 2021-05-21 17:59:41.171 [http-nio-8087-exec-10] CustomerController - username = Svenny status = logged in
[INFO ] 2021-05-21 17:59:59.196 [http-nio-8087-exec-4] CustomerController - username = Svenny status = logged in
[INFO ] 2021-05-21 18:00:31.151 [http-nio-8087-exec-9] CustomerController - username = HarryJames status = logged in
[INFO ] 2021-05-21 18:01:21.477 [http-nio-8087-exec-5] CustomerController - username = gsmiley status = registered
[INFO ] 2021-05-21 18:01:37.823 [http-nio-8087-exec-2] CustomerController - username = gsmiley status = logged in
[INFO ] 2021-05-21 18:35:49.451 [RMI TCP Connection(50)-127.0.0.1] SpringApplicationAdminMXBeanRegistrar$SpringApplicationAdmin - Application shutdown requested.
[INFO ] 2021-05-21 18:35:49.485 [RMI TCP Connection(50)-127.0.0.1] ThreadPoolTaskScheduler - Shutting down ExecutorService 'catalogWatchTaskScheduler'
[INFO ] 2021-05-21 18:35:49.502 [RMI TCP Connection(50)-127.0.0.1] ThreadPoolTaskExecutor - Shutting down ExecutorService 'applicationTaskExecutor'
[INFO ] 2021-05-21 18:35:49.505 [RMI TCP Connection(50)-127.0.0.1] LocalContainerEntityManagerFactoryBean - Closing JPA EntityManagerFactory for persistence unit 'default'
[INFO ] 2021-05-21 18:35:49.508 [RMI TCP Connection(50)-127.0.0.1] ConsulServiceRegistry - Deregistering service with consul: customer-service-8087
[INFO ] 2021-05-21 18:35:49.522 [RMI TCP Connection(50)-127.0.0.1] HikariDataSource - HikariPool-1 - Shutdown initiated...
[INFO ] 2021-05-21 18:35:49.527 [RMI TCP Connection(50)-127.0.0.1] HikariDataSource - HikariPool-1 - Shutdown completed.
