[INFO ] 2021-05-21 15:42:32.194 [background-preinit] Version - HV000001: Hibernate Validator 6.1.7.Final
[INFO ] 2021-05-21 15:42:32.644 [restartedMain] AdminServiceApplication - Starting AdminServiceApplication using Java 15.0.1 on DESKTOP-5R9EKAA with PID 11296 (C:\Users\Chris\Documents\Infosys\Microservices_Project\Backend\P-Infosys-FIOS-ms-Backend\admin-service\target\classes started by Chris in C:\Users\Chris\Documents\Infosys\Microservices_Project\Backend\P-Infosys-FIOS-ms-Backend\admin-service)
[INFO ] 2021-05-21 15:42:32.647 [restartedMain] AdminServiceApplication - No active profile set, falling back to default profiles: default
[INFO ] 2021-05-21 15:42:32.706 [restartedMain] DevToolsPropertyDefaultsPostProcessor - Devtools property defaults active! Set 'spring.devtools.add-properties' to 'false' to disable
[INFO ] 2021-05-21 15:42:32.706 [restartedMain] DevToolsPropertyDefaultsPostProcessor - For additional web related logging consider setting the 'logging.level.web' property to 'DEBUG'
[INFO ] 2021-05-21 15:42:33.969 [restartedMain] RepositoryConfigurationDelegate - Bootstrapping Spring Data JPA repositories in DEFAULT mode.
[INFO ] 2021-05-21 15:42:34.131 [restartedMain] RepositoryConfigurationDelegate - Finished Spring Data repository scanning in 152 ms. Found 1 JPA repository interfaces.
[INFO ] 2021-05-21 15:42:34.489 [restartedMain] GenericScope - BeanFactory id=f4442d97-9c9e-3077-9553-3bc5f1bcaec3
[INFO ] 2021-05-21 15:42:35.465 [restartedMain] TomcatWebServer - Tomcat initialized with port(s): 8088 (http)
[INFO ] 2021-05-21 15:42:35.477 [restartedMain] Http11NioProtocol - Initializing ProtocolHandler ["http-nio-8088"]
[INFO ] 2021-05-21 15:42:35.478 [restartedMain] StandardService - Starting service [Tomcat]
[INFO ] 2021-05-21 15:42:35.478 [restartedMain] StandardEngine - Starting Servlet engine: [Apache Tomcat/9.0.45]
[INFO ] 2021-05-21 15:42:35.625 [restartedMain] [/] - Initializing Spring embedded WebApplicationContext
[INFO ] 2021-05-21 15:42:35.625 [restartedMain] ServletWebServerApplicationContext - Root WebApplicationContext: initialization completed in 2918 ms
[INFO ] 2021-05-21 15:42:35.908 [restartedMain] HikariDataSource - HikariPool-1 - Starting...
[INFO ] 2021-05-21 15:42:36.130 [restartedMain] HikariDataSource - HikariPool-1 - Start completed.
[INFO ] 2021-05-21 15:42:36.140 [restartedMain] H2ConsoleAutoConfiguration - H2 console available at '/h2'. Database available at 'jdbc:h2:file:~/data8.sql'
[INFO ] 2021-05-21 15:42:36.409 [restartedMain] LogHelper - HHH000204: Processing PersistenceUnitInfo [name: default]
[INFO ] 2021-05-21 15:42:36.467 [restartedMain] Version - HHH000412: Hibernate ORM core version 5.4.30.Final
[INFO ] 2021-05-21 15:42:36.641 [restartedMain] Version - HCANN000001: Hibernate Commons Annotations {5.1.2.Final}
[INFO ] 2021-05-21 15:42:36.769 [restartedMain] Dialect - HHH000400: Using dialect: org.hibernate.dialect.H2Dialect
[INFO ] 2021-05-21 15:42:37.457 [restartedMain] JtaPlatformInitiator - HHH000490: Using JtaPlatform implementation: [org.hibernate.engine.transaction.jta.platform.internal.NoJtaPlatform]
[INFO ] 2021-05-21 15:42:37.467 [restartedMain] LocalContainerEntityManagerFactoryBean - Initialized JPA EntityManagerFactory for persistence unit 'default'
[INFO ] 2021-05-21 15:42:37.593 [restartedMain] OptionalLiveReloadServer - LiveReload server is running on port 35729
[WARN ] 2021-05-21 15:42:38.487 [restartedMain] JpaBaseConfiguration$JpaWebConfiguration - spring.jpa.open-in-view is enabled by default. Therefore, database queries may be performed during view rendering. Explicitly configure spring.jpa.open-in-view to disable this warning
[INFO ] 2021-05-21 15:42:38.816 [restartedMain] ThreadPoolTaskExecutor - Initializing ExecutorService 'applicationTaskExecutor'
[INFO ] 2021-05-21 15:42:40.551 [restartedMain] ThreadPoolTaskScheduler - Initializing ExecutorService 'catalogWatchTaskScheduler'
[WARN ] 2021-05-21 15:42:40.583 [restartedMain] LoadBalancerCacheAutoConfiguration$LoadBalancerCaffeineWarnLogger - Spring Cloud LoadBalancer is currently working with the default cache. You can switch to using Caffeine cache, by adding it and org.springframework.cache.caffeine.CaffeineCacheManager to the classpath.
[INFO ] 2021-05-21 15:42:40.628 [restartedMain] EndpointLinksResolver - Exposing 2 endpoint(s) beneath base path '/actuator'
[INFO ] 2021-05-21 15:42:40.740 [restartedMain] Http11NioProtocol - Starting ProtocolHandler ["http-nio-8088"]
[INFO ] 2021-05-21 15:42:40.766 [restartedMain] TomcatWebServer - Tomcat started on port(s): 8088 (http) with context path ''
[INFO ] 2021-05-21 15:42:40.769 [restartedMain] ConsulServiceRegistry - Registering service with consul: NewService{id='admin-service-8088', name='admin-service', tags=[], address='host.docker.internal', meta={secure=false}, port=8088, enableTagOverride=null, check=Check{script='null', dockerContainerID='null', shell='null', interval='10s', ttl='null', http='http://host.docker.internal:8088/actuator/health', method='null', header={}, tcp='null', timeout='null', deregisterCriticalServiceAfter='null', tlsSkipVerify=null, status='null', grpc='null', grpcUseTLS=null}, checks=null}
[INFO ] 2021-05-21 15:42:40.891 [restartedMain] AdminServiceApplication - Started AdminServiceApplication in 9.224 seconds (JVM running for 10.619)
[INFO ] 2021-05-21 15:42:50.425 [http-nio-8088-exec-1] [/] - Initializing Spring DispatcherServlet 'dispatcherServlet'
[INFO ] 2021-05-21 15:42:50.426 [http-nio-8088-exec-1] DispatcherServlet - Initializing Servlet 'dispatcherServlet'
[INFO ] 2021-05-21 15:42:50.428 [http-nio-8088-exec-1] DispatcherServlet - Completed initialization in 2 ms
[INFO ] 2021-05-21 15:48:30.249 [RMI TCP Connection(9)-127.0.0.1] SpringApplicationAdminMXBeanRegistrar$SpringApplicationAdmin - Application shutdown requested.
[INFO ] 2021-05-21 15:48:30.274 [RMI TCP Connection(9)-127.0.0.1] ThreadPoolTaskScheduler - Shutting down ExecutorService 'catalogWatchTaskScheduler'
[INFO ] 2021-05-21 15:48:30.278 [RMI TCP Connection(9)-127.0.0.1] ThreadPoolTaskExecutor - Shutting down ExecutorService 'applicationTaskExecutor'
[INFO ] 2021-05-21 15:48:30.279 [RMI TCP Connection(9)-127.0.0.1] LocalContainerEntityManagerFactoryBean - Closing JPA EntityManagerFactory for persistence unit 'default'
[INFO ] 2021-05-21 15:48:30.281 [RMI TCP Connection(9)-127.0.0.1] ConsulServiceRegistry - Deregistering service with consul: admin-service-8088
[INFO ] 2021-05-21 15:48:30.291 [RMI TCP Connection(9)-127.0.0.1] HikariDataSource - HikariPool-1 - Shutdown initiated...
[INFO ] 2021-05-21 15:48:30.293 [RMI TCP Connection(9)-127.0.0.1] HikariDataSource - HikariPool-1 - Shutdown completed.
[INFO ] 2021-05-21 15:51:22.271 [background-preinit] Version - HV000001: Hibernate Validator 6.1.7.Final
[INFO ] 2021-05-21 15:51:22.687 [restartedMain] AdminServiceApplication - Starting AdminServiceApplication using Java 15.0.1 on DESKTOP-5R9EKAA with PID 11160 (C:\Users\Chris\Documents\Infosys\Microservices_Project\Backend\P-Infosys-FIOS-ms-Backend\admin-service\target\classes started by Chris in C:\Users\Chris\Documents\Infosys\Microservices_Project\Backend\P-Infosys-FIOS-ms-Backend\admin-service)
[INFO ] 2021-05-21 15:51:22.690 [restartedMain] AdminServiceApplication - No active profile set, falling back to default profiles: default
[INFO ] 2021-05-21 15:51:22.740 [restartedMain] DevToolsPropertyDefaultsPostProcessor - Devtools property defaults active! Set 'spring.devtools.add-properties' to 'false' to disable
[INFO ] 2021-05-21 15:51:22.740 [restartedMain] DevToolsPropertyDefaultsPostProcessor - For additional web related logging consider setting the 'logging.level.web' property to 'DEBUG'
[INFO ] 2021-05-21 15:51:23.948 [restartedMain] RepositoryConfigurationDelegate - Bootstrapping Spring Data JPA repositories in DEFAULT mode.
[INFO ] 2021-05-21 15:51:24.110 [restartedMain] RepositoryConfigurationDelegate - Finished Spring Data repository scanning in 153 ms. Found 1 JPA repository interfaces.
[INFO ] 2021-05-21 15:51:24.458 [restartedMain] GenericScope - BeanFactory id=f4442d97-9c9e-3077-9553-3bc5f1bcaec3
[INFO ] 2021-05-21 15:51:25.421 [restartedMain] TomcatWebServer - Tomcat initialized with port(s): 8088 (http)
[INFO ] 2021-05-21 15:51:25.432 [restartedMain] Http11NioProtocol - Initializing ProtocolHandler ["http-nio-8088"]
[INFO ] 2021-05-21 15:51:25.433 [restartedMain] StandardService - Starting service [Tomcat]
[INFO ] 2021-05-21 15:51:25.433 [restartedMain] StandardEngine - Starting Servlet engine: [Apache Tomcat/9.0.45]
[INFO ] 2021-05-21 15:51:25.590 [restartedMain] [/] - Initializing Spring embedded WebApplicationContext
[INFO ] 2021-05-21 15:51:25.590 [restartedMain] ServletWebServerApplicationContext - Root WebApplicationContext: initialization completed in 2849 ms
[INFO ] 2021-05-21 15:51:25.872 [restartedMain] HikariDataSource - HikariPool-1 - Starting...
[INFO ] 2021-05-21 15:51:26.110 [restartedMain] HikariDataSource - HikariPool-1 - Start completed.
[INFO ] 2021-05-21 15:51:26.118 [restartedMain] H2ConsoleAutoConfiguration - H2 console available at '/h2'. Database available at 'jdbc:h2:file:~/data8.sql'
[INFO ] 2021-05-21 15:51:26.367 [restartedMain] LogHelper - HHH000204: Processing PersistenceUnitInfo [name: default]
[INFO ] 2021-05-21 15:51:26.427 [restartedMain] Version - HHH000412: Hibernate ORM core version 5.4.30.Final
[INFO ] 2021-05-21 15:51:26.599 [restartedMain] Version - HCANN000001: Hibernate Commons Annotations {5.1.2.Final}
[INFO ] 2021-05-21 15:51:26.746 [restartedMain] Dialect - HHH000400: Using dialect: org.hibernate.dialect.H2Dialect
[INFO ] 2021-05-21 15:51:27.453 [restartedMain] JtaPlatformInitiator - HHH000490: Using JtaPlatform implementation: [org.hibernate.engine.transaction.jta.platform.internal.NoJtaPlatform]
[INFO ] 2021-05-21 15:51:27.463 [restartedMain] LocalContainerEntityManagerFactoryBean - Initialized JPA EntityManagerFactory for persistence unit 'default'
[WARN ] 2021-05-21 15:51:27.588 [restartedMain] OptionalLiveReloadServer - Unable to start LiveReload server
[WARN ] 2021-05-21 15:51:28.515 [restartedMain] JpaBaseConfiguration$JpaWebConfiguration - spring.jpa.open-in-view is enabled by default. Therefore, database queries may be performed during view rendering. Explicitly configure spring.jpa.open-in-view to disable this warning
[INFO ] 2021-05-21 15:51:28.819 [restartedMain] ThreadPoolTaskExecutor - Initializing ExecutorService 'applicationTaskExecutor'
[INFO ] 2021-05-21 15:51:30.651 [restartedMain] ThreadPoolTaskScheduler - Initializing ExecutorService 'catalogWatchTaskScheduler'
[WARN ] 2021-05-21 15:51:30.687 [restartedMain] LoadBalancerCacheAutoConfiguration$LoadBalancerCaffeineWarnLogger - Spring Cloud LoadBalancer is currently working with the default cache. You can switch to using Caffeine cache, by adding it and org.springframework.cache.caffeine.CaffeineCacheManager to the classpath.
[INFO ] 2021-05-21 15:51:30.753 [restartedMain] EndpointLinksResolver - Exposing 2 endpoint(s) beneath base path '/actuator'
[INFO ] 2021-05-21 15:51:30.859 [restartedMain] Http11NioProtocol - Starting ProtocolHandler ["http-nio-8088"]
[INFO ] 2021-05-21 15:51:30.887 [restartedMain] TomcatWebServer - Tomcat started on port(s): 8088 (http) with context path ''
[INFO ] 2021-05-21 15:51:30.889 [restartedMain] ConsulServiceRegistry - Registering service with consul: NewService{id='admin-service-8088', name='admin-service', tags=[], address='host.docker.internal', meta={secure=false}, port=8088, enableTagOverride=null, check=Check{script='null', dockerContainerID='null', shell='null', interval='10s', ttl='null', http='http://host.docker.internal:8088/actuator/health', method='null', header={}, tcp='null', timeout='null', deregisterCriticalServiceAfter='null', tlsSkipVerify=null, status='null', grpc='null', grpcUseTLS=null}, checks=null}
[INFO ] 2021-05-21 15:51:31.016 [restartedMain] AdminServiceApplication - Started AdminServiceApplication in 9.255 seconds (JVM running for 10.606)
[INFO ] 2021-05-21 15:51:36.306 [http-nio-8088-exec-1] [/] - Initializing Spring DispatcherServlet 'dispatcherServlet'
[INFO ] 2021-05-21 15:51:36.306 [http-nio-8088-exec-1] DispatcherServlet - Initializing Servlet 'dispatcherServlet'
[INFO ] 2021-05-21 15:51:36.309 [http-nio-8088-exec-1] DispatcherServlet - Completed initialization in 2 ms
[INFO ] 2021-05-21 15:55:06.728 [http-nio-8088-exec-3] AdminController - Admin Super is now Logged On
[INFO ] 2021-05-21 15:55:11.399 [http-nio-8088-exec-5] AdminController - Admin Super is now Logged On
[INFO ] 2021-05-21 16:00:27.271 [http-nio-8088-exec-10] AdminController - Admin James007@bond.com is Created
[INFO ] 2021-05-21 16:02:25.293 [http-nio-8088-exec-5] AdminController - Admin James007@bond.com is now Logged On
[INFO ] 2021-05-21 16:13:20.209 [http-nio-8088-exec-2] AdminController - Admin James007@bond.com is now Logged On
[INFO ] 2021-05-21 16:42:25.178 [RMI TCP Connection(53)-127.0.0.1] SpringApplicationAdminMXBeanRegistrar$SpringApplicationAdmin - Application shutdown requested.
[INFO ] 2021-05-21 16:42:25.202 [RMI TCP Connection(53)-127.0.0.1] ThreadPoolTaskScheduler - Shutting down ExecutorService 'catalogWatchTaskScheduler'
[INFO ] 2021-05-21 16:42:25.207 [RMI TCP Connection(53)-127.0.0.1] ThreadPoolTaskExecutor - Shutting down ExecutorService 'applicationTaskExecutor'
[INFO ] 2021-05-21 16:42:25.208 [RMI TCP Connection(53)-127.0.0.1] LocalContainerEntityManagerFactoryBean - Closing JPA EntityManagerFactory for persistence unit 'default'
[INFO ] 2021-05-21 16:42:25.212 [RMI TCP Connection(53)-127.0.0.1] ConsulServiceRegistry - Deregistering service with consul: admin-service-8088
[INFO ] 2021-05-21 16:42:25.224 [RMI TCP Connection(53)-127.0.0.1] HikariDataSource - HikariPool-1 - Shutdown initiated...
[INFO ] 2021-05-21 16:42:25.226 [RMI TCP Connection(53)-127.0.0.1] HikariDataSource - HikariPool-1 - Shutdown completed.
[INFO ] 2021-05-21 17:35:28.664 [background-preinit] Version - HV000001: Hibernate Validator 6.1.7.Final
[INFO ] 2021-05-21 17:35:29.252 [restartedMain] AdminServiceApplication - Starting AdminServiceApplication using Java 15.0.1 on DESKTOP-5R9EKAA with PID 15536 (C:\Users\Chris\Documents\Infosys\Microservices_Project\Backend\P-Infosys-FIOS-ms-Backend\admin-service\target\classes started by Chris in C:\Users\Chris\Documents\Infosys\Microservices_Project\Backend\P-Infosys-FIOS-ms-Backend\admin-service)
[INFO ] 2021-05-21 17:35:29.256 [restartedMain] AdminServiceApplication - No active profile set, falling back to default profiles: default
[INFO ] 2021-05-21 17:35:29.339 [restartedMain] DevToolsPropertyDefaultsPostProcessor - Devtools property defaults active! Set 'spring.devtools.add-properties' to 'false' to disable
[INFO ] 2021-05-21 17:35:29.340 [restartedMain] DevToolsPropertyDefaultsPostProcessor - For additional web related logging consider setting the 'logging.level.web' property to 'DEBUG'
[INFO ] 2021-05-21 17:35:30.879 [restartedMain] RepositoryConfigurationDelegate - Bootstrapping Spring Data JPA repositories in DEFAULT mode.
[INFO ] 2021-05-21 17:35:31.074 [restartedMain] RepositoryConfigurationDelegate - Finished Spring Data repository scanning in 185 ms. Found 1 JPA repository interfaces.
[INFO ] 2021-05-21 17:35:31.486 [restartedMain] GenericScope - BeanFactory id=f4442d97-9c9e-3077-9553-3bc5f1bcaec3
[INFO ] 2021-05-21 17:35:32.603 [restartedMain] TomcatWebServer - Tomcat initialized with port(s): 8088 (http)
[INFO ] 2021-05-21 17:35:32.614 [restartedMain] Http11NioProtocol - Initializing ProtocolHandler ["http-nio-8088"]
[INFO ] 2021-05-21 17:35:32.615 [restartedMain] StandardService - Starting service [Tomcat]
[INFO ] 2021-05-21 17:35:32.615 [restartedMain] StandardEngine - Starting Servlet engine: [Apache Tomcat/9.0.45]
[INFO ] 2021-05-21 17:35:32.797 [restartedMain] [/] - Initializing Spring embedded WebApplicationContext
[INFO ] 2021-05-21 17:35:32.798 [restartedMain] ServletWebServerApplicationContext - Root WebApplicationContext: initialization completed in 3457 ms
[INFO ] 2021-05-21 17:35:33.133 [restartedMain] HikariDataSource - HikariPool-1 - Starting...
[INFO ] 2021-05-21 17:35:33.402 [restartedMain] HikariDataSource - HikariPool-1 - Start completed.
[INFO ] 2021-05-21 17:35:33.410 [restartedMain] H2ConsoleAutoConfiguration - H2 console available at '/h2'. Database available at 'jdbc:h2:file:~/data8.sql'
[INFO ] 2021-05-21 17:35:33.721 [restartedMain] LogHelper - HHH000204: Processing PersistenceUnitInfo [name: default]
[INFO ] 2021-05-21 17:35:33.787 [restartedMain] Version - HHH000412: Hibernate ORM core version 5.4.30.Final
[INFO ] 2021-05-21 17:35:33.984 [restartedMain] Version - HCANN000001: Hibernate Commons Annotations {5.1.2.Final}
[INFO ] 2021-05-21 17:35:34.133 [restartedMain] Dialect - HHH000400: Using dialect: org.hibernate.dialect.H2Dialect
[INFO ] 2021-05-21 17:35:34.964 [restartedMain] JtaPlatformInitiator - HHH000490: Using JtaPlatform implementation: [org.hibernate.engine.transaction.jta.platform.internal.NoJtaPlatform]
[INFO ] 2021-05-21 17:35:34.978 [restartedMain] LocalContainerEntityManagerFactoryBean - Initialized JPA EntityManagerFactory for persistence unit 'default'
[INFO ] 2021-05-21 17:35:35.133 [restartedMain] OptionalLiveReloadServer - LiveReload server is running on port 35729
[WARN ] 2021-05-21 17:35:36.166 [restartedMain] JpaBaseConfiguration$JpaWebConfiguration - spring.jpa.open-in-view is enabled by default. Therefore, database queries may be performed during view rendering. Explicitly configure spring.jpa.open-in-view to disable this warning
[INFO ] 2021-05-21 17:35:36.516 [restartedMain] ThreadPoolTaskExecutor - Initializing ExecutorService 'applicationTaskExecutor'
[INFO ] 2021-05-21 17:35:38.658 [restartedMain] ThreadPoolTaskScheduler - Initializing ExecutorService 'catalogWatchTaskScheduler'
[WARN ] 2021-05-21 17:35:38.698 [restartedMain] LoadBalancerCacheAutoConfiguration$LoadBalancerCaffeineWarnLogger - Spring Cloud LoadBalancer is currently working with the default cache. You can switch to using Caffeine cache, by adding it and org.springframework.cache.caffeine.CaffeineCacheManager to the classpath.
[INFO ] 2021-05-21 17:35:38.748 [restartedMain] EndpointLinksResolver - Exposing 2 endpoint(s) beneath base path '/actuator'
[INFO ] 2021-05-21 17:35:38.878 [restartedMain] Http11NioProtocol - Starting ProtocolHandler ["http-nio-8088"]
[INFO ] 2021-05-21 17:35:38.908 [restartedMain] TomcatWebServer - Tomcat started on port(s): 8088 (http) with context path ''
[INFO ] 2021-05-21 17:35:38.910 [restartedMain] ConsulServiceRegistry - Registering service with consul: NewService{id='admin-service-8088', name='admin-service', tags=[], address='host.docker.internal', meta={secure=false}, port=8088, enableTagOverride=null, check=Check{script='null', dockerContainerID='null', shell='null', interval='10s', ttl='null', http='http://host.docker.internal:8088/actuator/health', method='null', header={}, tcp='null', timeout='null', deregisterCriticalServiceAfter='null', tlsSkipVerify=null, status='null', grpc='null', grpcUseTLS=null}, checks=null}
[INFO ] 2021-05-21 17:35:39.053 [restartedMain] AdminServiceApplication - Started AdminServiceApplication in 11.0 seconds (JVM running for 12.485)
[INFO ] 2021-05-21 17:35:46.252 [http-nio-8088-exec-1] [/] - Initializing Spring DispatcherServlet 'dispatcherServlet'
[INFO ] 2021-05-21 17:35:46.252 [http-nio-8088-exec-1] DispatcherServlet - Initializing Servlet 'dispatcherServlet'
[INFO ] 2021-05-21 17:35:46.254 [http-nio-8088-exec-1] DispatcherServlet - Completed initialization in 1 ms
[INFO ] 2021-05-21 17:35:51.031 [RMI TCP Connection(2)-127.0.0.1] SpringApplicationAdminMXBeanRegistrar$SpringApplicationAdmin - Application shutdown requested.
[INFO ] 2021-05-21 17:35:51.070 [RMI TCP Connection(2)-127.0.0.1] ThreadPoolTaskScheduler - Shutting down ExecutorService 'catalogWatchTaskScheduler'
[INFO ] 2021-05-21 17:35:51.076 [RMI TCP Connection(2)-127.0.0.1] ThreadPoolTaskExecutor - Shutting down ExecutorService 'applicationTaskExecutor'
[INFO ] 2021-05-21 17:35:51.078 [RMI TCP Connection(2)-127.0.0.1] LocalContainerEntityManagerFactoryBean - Closing JPA EntityManagerFactory for persistence unit 'default'
[INFO ] 2021-05-21 17:35:51.080 [RMI TCP Connection(2)-127.0.0.1] ConsulServiceRegistry - Deregistering service with consul: admin-service-8088
[INFO ] 2021-05-21 17:35:51.100 [RMI TCP Connection(2)-127.0.0.1] HikariDataSource - HikariPool-1 - Shutdown initiated...
[INFO ] 2021-05-21 17:35:51.102 [RMI TCP Connection(2)-127.0.0.1] HikariDataSource - HikariPool-1 - Shutdown completed.
